<?xml version="1.0" encoding="UTF-8"?>
<!-- Generated by org.testng.reporters.JUnitReportReporter -->
<testsuite hostname="LAPTOP-A39R353N" failures="0" tests="6" name="com.restassured.testcases.PutRequest_004" time="0.043" errors="0" timestamp="2022-07-20T00:42:50 IST" skipped="0">
  <testcase classname="com.restassured.testcases.PutRequest_004" name="testStatusCode" time="0.003"/>
  <system-out/>
  <testcase classname="com.restassured.testcases.PutRequest_004" name="checkContentLength" time="0.015"/>
  <system-out/>
  <testcase classname="com.restassured.testcases.PutRequest_004" name="checkServerType" time="0.003"/>
  <system-out/>
  <testcase classname="com.restassured.testcases.PutRequest_004" name="checkResponseTime" time="0.003"/>
  <system-out/>
  <testcase classname="com.restassured.testcases.PutRequest_004" name="testStatusLine" time="0.003"/>
  <system-out/>
  <testcase classname="com.restassured.testcases.PutRequest_004" name="checkResponseBody" time="0.016"/>
  <system-out/>
</testsuite> <!-- com.restassured.testcases.PutRequest_004 -->
