<?xml version="1.0" encoding="UTF-8"?>
<!-- Generated by org.testng.reporters.JUnitReportReporter -->
<testsuite hostname="LAPTOP-A39R353N" failures="0" tests="6" name="com.restassured.testcases.PostRequest_003" time="0.081" errors="0" timestamp="2022-07-20T00:20:24 IST" skipped="0">
  <testcase classname="com.restassured.testcases.PostRequest_003" name="checkResponseBody" time="0.050"/>
  <system-out/>
  <testcase classname="com.restassured.testcases.PostRequest_003" name="checkResponseTime" time="0.010"/>
  <system-out/>
  <testcase classname="com.restassured.testcases.PostRequest_003" name="checkServerType" time="0.005"/>
  <system-out/>
  <testcase classname="com.restassured.testcases.PostRequest_003" name="testStatusLine" time="0.004"/>
  <system-out/>
  <testcase classname="com.restassured.testcases.PostRequest_003" name="testStatusCode" time="0.002"/>
  <system-out/>
  <testcase classname="com.restassured.testcases.PostRequest_003" name="checkContentLength" time="0.010"/>
  <system-out/>
</testsuite> <!-- com.restassured.testcases.PostRequest_003 -->
