<?xml version="1.0" encoding="UTF-8"?>
<!-- Generated by org.testng.reporters.JUnitReportReporter -->
<testsuite hostname="LAPTOP-A39R353N" failures="0" tests="7" name="com.restassured.testcases.GetRequest_001" time="0.039" errors="0" timestamp="2022-08-20T11:45:23 IST" skipped="0">
  <testcase classname="com.restassured.testcases.GetRequest_001" name="checkResponseBody" time="0.015"/>
  <system-out/>
  <testcase classname="com.restassured.testcases.GetRequest_001" name="testStatusLine" time="0.004"/>
  <system-out/>
  <testcase classname="com.restassured.testcases.GetRequest_001" name="checkContentEncoding" time="0.007"/>
  <system-out/>
  <testcase classname="com.restassured.testcases.GetRequest_001" name="checkContentLength" time="0.002"/>
  <system-out/>
  <testcase classname="com.restassured.testcases.GetRequest_001" name="testStatusCode" time="0.004"/>
  <system-out/>
  <testcase classname="com.restassured.testcases.GetRequest_001" name="checkResponseTime" time="0.004"/>
  <system-out/>
  <testcase classname="com.restassured.testcases.GetRequest_001" name="checkServerType" time="0.003"/>
  <system-out/>
</testsuite> <!-- com.restassured.testcases.GetRequest_001 -->
